{ -> (null;null)
number -> (null;null)
x -> (20;0)
; -> (null;null)
number -> (null;null)
y -> (21;0)
; -> (null;null)
number -> (null;null)
z -> (22;0)
; -> (null;null)
read -> (null;null)
( -> (null;null)
x -> (20;0)
) -> (null;null)
; -> (null;null)
read -> (null;null)
( -> (null;null)
y -> (21;0)
) -> (null;null)
; -> (null;null)
read -> (null;null)
( -> (null;null)
z -> (22;0)
) -> (null;null)
; -> (null;null)
number -> (null;null)
maximum -> (66;0)
; -> (null;null)
if -> (null;null)
( -> (null;null)
x -> (20;0)
> -> (null;null)
y -> (21;0)
) -> (null;null)
{ -> (null;null)
maximum -> (66;0)
= -> (null;null)
x -> (20;0)
; -> (null;null)
} -> (null;null)
else -> (null;null)
{ -> (null;null)
maximum -> (66;0)
= -> (null;null)
y -> (21;0)
; -> (null;null)
} -> (null;null)
if -> (null;null)
( -> (null;null)
maximum -> (66;0)
< -> (null;null)
z -> (22;0)
) -> (null;null)
{ -> (null;null)
maximum -> (66;0)
= -> (null;null)
z -> (22;0)
; -> (null;null)
} -> (null;null)
write -> (null;null)
( -> (null;null)
maximum -> (66;0)
) -> (null;null)
; -> (null;null)
} -> (null;null)
